<?xml version="1.0" encoding="UTF-8"?>
<!-- Generated by org.testng.reporters.JUnitXMLReporter -->
<testsuite ignored="0" hostname="DESKTOP-L54GKRA" failures="0" tests="5" name="test2" time="75.136" errors="0" timestamp="2025-05-23T10:29:11 IST">
  <testcase classname="testscripts.Categorytest" name="categorydetailsadding" time="22.228"/>
  <testcase classname="testscripts.Categorytest" name="edit" time="7.236"/>
  <testcase classname="testscripts.Categorytest" name="elementsearchfornotfoundelement" time="3.771"/>
  <testcase classname="testscripts.Categorytest" name="elementsearchs" time="0.0">
    <skipped/>
  </testcase> <!-- elementsearchs -->
  <testcase classname="testscripts.Categorytest" name="statusediting" time="0.0">
    <skipped/>
  </testcase> <!-- statusediting -->
</testsuite> <!-- test2 -->
