<?xml version="1.0" encoding="UTF-8"?>
<!-- Generated by org.testng.reporters.JUnitXMLReporter -->
<testsuite ignored="0" hostname="DESKTOP-L54GKRA" failures="0" tests="5" name="test2" time="0.478" errors="0" timestamp="2025-05-27T09:55:10 IST">
  <testcase classname="testscripts.Categorytest" name="categorydetailsadding" time="0.001">
    <skipped/>
  </testcase> <!-- categorydetailsadding -->
  <testcase classname="testscripts.Categorytest" name="edit" time="0.001">
    <skipped/>
  </testcase> <!-- edit -->
  <testcase classname="testscripts.Categorytest" name="elementsearchfornotfoundelement" time="0.001">
    <skipped/>
  </testcase> <!-- elementsearchfornotfoundelement -->
  <testcase classname="testscripts.Categorytest" name="elementsearchs" time="0.001">
    <skipped/>
  </testcase> <!-- elementsearchs -->
  <testcase classname="testscripts.Categorytest" name="statusediting" time="0.0">
    <skipped/>
  </testcase> <!-- statusediting -->
</testsuite> <!-- test2 -->
