<?xml version="1.0" encoding="UTF-8"?>
<!-- Generated by org.testng.reporters.JUnitXMLReporter -->
<testsuite ignored="0" hostname="DESKTOP-L54GKRA" failures="0" tests="4" name="test1" time="59.534" errors="0" timestamp="2025-05-23T10:28:56 IST">
  <testcase classname="testscripts.Logintest" name="invalidpasswordcrctusername" time="4.653"/>
  <testcase classname="testscripts.Logintest" name="validincrctpassincrtusername" time="3.397"/>
  <testcase classname="testscripts.Logintest" name="validpassincrtusername" time="2.188"/>
  <testcase classname="testscripts.Logintest" name="verifyuserloginwithvalidcreditions" time="3.332"/>
</testsuite> <!-- test1 -->
