<?xml version="1.0" encoding="UTF-8"?>
<!-- Generated by org.testng.reporters.JUnitXMLReporter -->
<testsuite ignored="0" hostname="DESKTOP-L54GKRA" failures="0" tests="4" name="test1" time="0.372" errors="0" timestamp="2025-05-27T09:55:10 IST">
  <testcase classname="testscripts.Base" name="@BeforeMethod initialisebrowser" time="0.027">
    <failure type="java.io.FileNotFoundException" message="C:\Users\User\git\grocery-application\Mainproject1C:\Users\User\git\grocery-application\Mainproject1\src\main\resources\config.properties (The filename, directory name, or volume label syntax is incorrect)">
      <![CDATA[java.io.FileNotFoundException: C:\Users\User\git\grocery-application\Mainproject1C:\Users\User\git\grocery-application\Mainproject1\src\main\resources\config.properties (The filename, directory name, or volume label syntax is incorrect)
at java.base/java.io.FileInputStream.open0(Native Method)
at java.base/java.io.FileInputStream.open(FileInputStream.java:216)
at java.base/java.io.FileInputStream.<init>(FileInputStream.java:157)
at java.base/java.io.FileInputStream.<init>(FileInputStream.java:111)
at testscripts.Base.initialisebrowser(Base.java:34)
at java.base/java.util.ArrayList.forEach(ArrayList.java:1511)
at java.base/java.util.concurrent.FutureTask.run(FutureTask.java:264)
at java.base/java.util.concurrent.ThreadPoolExecutor.runWorker(ThreadPoolExecutor.java:1136)
at java.base/java.util.concurrent.ThreadPoolExecutor$Worker.run(ThreadPoolExecutor.java:635)
at java.base/java.lang.Thread.run(Thread.java:842)
... Removed 21 stack frames]]>
    </failure>
  </testcase> <!-- @BeforeMethod initialisebrowser -->
  <testcase classname="testscripts.Base" name="@BeforeMethod initialisebrowser" time="0.027">
    <failure type="java.io.FileNotFoundException" message="C:\Users\User\git\grocery-application\Mainproject1C:\Users\User\git\grocery-application\Mainproject1\src\main\resources\config.properties (The filename, directory name, or volume label syntax is incorrect)">
      <![CDATA[java.io.FileNotFoundException: C:\Users\User\git\grocery-application\Mainproject1C:\Users\User\git\grocery-application\Mainproject1\src\main\resources\config.properties (The filename, directory name, or volume label syntax is incorrect)
at java.base/java.io.FileInputStream.open0(Native Method)
at java.base/java.io.FileInputStream.open(FileInputStream.java:216)
at java.base/java.io.FileInputStream.<init>(FileInputStream.java:157)
at java.base/java.io.FileInputStream.<init>(FileInputStream.java:111)
at testscripts.Base.initialisebrowser(Base.java:34)
at java.base/java.util.ArrayList.forEach(ArrayList.java:1511)
at java.base/java.util.concurrent.FutureTask.run(FutureTask.java:264)
at java.base/java.util.concurrent.ThreadPoolExecutor.runWorker(ThreadPoolExecutor.java:1136)
at java.base/java.util.concurrent.ThreadPoolExecutor$Worker.run(ThreadPoolExecutor.java:635)
at java.base/java.lang.Thread.run(Thread.java:842)
... Removed 21 stack frames]]>
    </failure>
  </testcase> <!-- @BeforeMethod initialisebrowser -->
  <testcase classname="testscripts.Base" name="@BeforeMethod initialisebrowser" time="0.001">
    <failure type="java.io.FileNotFoundException" message="C:\Users\User\git\grocery-application\Mainproject1C:\Users\User\git\grocery-application\Mainproject1\src\main\resources\config.properties (The filename, directory name, or volume label syntax is incorrect)">
      <![CDATA[java.io.FileNotFoundException: C:\Users\User\git\grocery-application\Mainproject1C:\Users\User\git\grocery-application\Mainproject1\src\main\resources\config.properties (The filename, directory name, or volume label syntax is incorrect)
at java.base/java.io.FileInputStream.open0(Native Method)
at java.base/java.io.FileInputStream.open(FileInputStream.java:216)
at java.base/java.io.FileInputStream.<init>(FileInputStream.java:157)
at java.base/java.io.FileInputStream.<init>(FileInputStream.java:111)
at testscripts.Base.initialisebrowser(Base.java:34)
at java.base/java.util.ArrayList.forEach(ArrayList.java:1511)
at java.base/java.util.concurrent.FutureTask.run(FutureTask.java:264)
at java.base/java.util.concurrent.ThreadPoolExecutor.runWorker(ThreadPoolExecutor.java:1136)
at java.base/java.util.concurrent.ThreadPoolExecutor$Worker.run(ThreadPoolExecutor.java:635)
at java.base/java.lang.Thread.run(Thread.java:842)
... Removed 21 stack frames]]>
    </failure>
  </testcase> <!-- @BeforeMethod initialisebrowser -->
  <testcase classname="testscripts.Base" name="@BeforeMethod initialisebrowser" time="0.002">
    <failure type="java.io.FileNotFoundException" message="C:\Users\User\git\grocery-application\Mainproject1C:\Users\User\git\grocery-application\Mainproject1\src\main\resources\config.properties (The filename, directory name, or volume label syntax is incorrect)">
      <![CDATA[java.io.FileNotFoundException: C:\Users\User\git\grocery-application\Mainproject1C:\Users\User\git\grocery-application\Mainproject1\src\main\resources\config.properties (The filename, directory name, or volume label syntax is incorrect)
at java.base/java.io.FileInputStream.open0(Native Method)
at java.base/java.io.FileInputStream.open(FileInputStream.java:216)
at java.base/java.io.FileInputStream.<init>(FileInputStream.java:157)
at java.base/java.io.FileInputStream.<init>(FileInputStream.java:111)
at testscripts.Base.initialisebrowser(Base.java:34)
at java.base/java.util.ArrayList.forEach(ArrayList.java:1511)
at java.base/java.util.concurrent.FutureTask.run(FutureTask.java:264)
at java.base/java.util.concurrent.ThreadPoolExecutor.runWorker(ThreadPoolExecutor.java:1136)
at java.base/java.util.concurrent.ThreadPoolExecutor$Worker.run(ThreadPoolExecutor.java:635)
at java.base/java.lang.Thread.run(Thread.java:842)
... Removed 21 stack frames]]>
    </failure>
  </testcase> <!-- @BeforeMethod initialisebrowser -->
  <testcase classname="testscripts.Base" name="@BeforeMethod initialisebrowser" time="0.001">
    <failure type="java.io.FileNotFoundException" message="C:\Users\User\git\grocery-application\Mainproject1C:\Users\User\git\grocery-application\Mainproject1\src\main\resources\config.properties (The filename, directory name, or volume label syntax is incorrect)">
      <![CDATA[java.io.FileNotFoundException: C:\Users\User\git\grocery-application\Mainproject1C:\Users\User\git\grocery-application\Mainproject1\src\main\resources\config.properties (The filename, directory name, or volume label syntax is incorrect)
at java.base/java.io.FileInputStream.open0(Native Method)
at java.base/java.io.FileInputStream.open(FileInputStream.java:216)
at java.base/java.io.FileInputStream.<init>(FileInputStream.java:157)
at java.base/java.io.FileInputStream.<init>(FileInputStream.java:111)
at testscripts.Base.initialisebrowser(Base.java:34)
at java.base/java.util.ArrayList.forEach(ArrayList.java:1511)
at java.base/java.util.concurrent.FutureTask.run(FutureTask.java:264)
at java.base/java.util.concurrent.ThreadPoolExecutor.runWorker(ThreadPoolExecutor.java:1136)
at java.base/java.util.concurrent.ThreadPoolExecutor$Worker.run(ThreadPoolExecutor.java:635)
at java.base/java.lang.Thread.run(Thread.java:842)
... Removed 21 stack frames]]>
    </failure>
  </testcase> <!-- @BeforeMethod initialisebrowser -->
  <testcase classname="testscripts.Base" name="@BeforeMethod initialisebrowser" time="0.003">
    <failure type="java.io.FileNotFoundException" message="C:\Users\User\git\grocery-application\Mainproject1C:\Users\User\git\grocery-application\Mainproject1\src\main\resources\config.properties (The filename, directory name, or volume label syntax is incorrect)">
      <![CDATA[java.io.FileNotFoundException: C:\Users\User\git\grocery-application\Mainproject1C:\Users\User\git\grocery-application\Mainproject1\src\main\resources\config.properties (The filename, directory name, or volume label syntax is incorrect)
at java.base/java.io.FileInputStream.open0(Native Method)
at java.base/java.io.FileInputStream.open(FileInputStream.java:216)
at java.base/java.io.FileInputStream.<init>(FileInputStream.java:157)
at java.base/java.io.FileInputStream.<init>(FileInputStream.java:111)
at testscripts.Base.initialisebrowser(Base.java:34)
at java.base/java.util.ArrayList.forEach(ArrayList.java:1511)
at java.base/java.util.concurrent.FutureTask.run(FutureTask.java:264)
at java.base/java.util.concurrent.ThreadPoolExecutor.runWorker(ThreadPoolExecutor.java:1136)
at java.base/java.util.concurrent.ThreadPoolExecutor$Worker.run(ThreadPoolExecutor.java:635)
at java.base/java.lang.Thread.run(Thread.java:842)
... Removed 21 stack frames]]>
    </failure>
  </testcase> <!-- @BeforeMethod initialisebrowser -->
  <testcase classname="testscripts.Base" name="@BeforeMethod initialisebrowser" time="0.003">
    <failure type="java.io.FileNotFoundException" message="C:\Users\User\git\grocery-application\Mainproject1C:\Users\User\git\grocery-application\Mainproject1\src\main\resources\config.properties (The filename, directory name, or volume label syntax is incorrect)">
      <![CDATA[java.io.FileNotFoundException: C:\Users\User\git\grocery-application\Mainproject1C:\Users\User\git\grocery-application\Mainproject1\src\main\resources\config.properties (The filename, directory name, or volume label syntax is incorrect)
at java.base/java.io.FileInputStream.open0(Native Method)
at java.base/java.io.FileInputStream.open(FileInputStream.java:216)
at java.base/java.io.FileInputStream.<init>(FileInputStream.java:157)
at java.base/java.io.FileInputStream.<init>(FileInputStream.java:111)
at testscripts.Base.initialisebrowser(Base.java:34)
at java.base/java.util.ArrayList.forEach(ArrayList.java:1511)
at java.base/java.util.concurrent.FutureTask.run(FutureTask.java:264)
at java.base/java.util.concurrent.ThreadPoolExecutor.runWorker(ThreadPoolExecutor.java:1136)
at java.base/java.util.concurrent.ThreadPoolExecutor$Worker.run(ThreadPoolExecutor.java:635)
at java.base/java.lang.Thread.run(Thread.java:842)
... Removed 21 stack frames]]>
    </failure>
  </testcase> <!-- @BeforeMethod initialisebrowser -->
  <testcase classname="testscripts.Base" name="@BeforeMethod initialisebrowser" time="0.003">
    <failure type="java.io.FileNotFoundException" message="C:\Users\User\git\grocery-application\Mainproject1C:\Users\User\git\grocery-application\Mainproject1\src\main\resources\config.properties (The filename, directory name, or volume label syntax is incorrect)">
      <![CDATA[java.io.FileNotFoundException: C:\Users\User\git\grocery-application\Mainproject1C:\Users\User\git\grocery-application\Mainproject1\src\main\resources\config.properties (The filename, directory name, or volume label syntax is incorrect)
at java.base/java.io.FileInputStream.open0(Native Method)
at java.base/java.io.FileInputStream.open(FileInputStream.java:216)
at java.base/java.io.FileInputStream.<init>(FileInputStream.java:157)
at java.base/java.io.FileInputStream.<init>(FileInputStream.java:111)
at testscripts.Base.initialisebrowser(Base.java:34)
at java.base/java.util.ArrayList.forEach(ArrayList.java:1511)
at java.base/java.util.concurrent.FutureTask.run(FutureTask.java:264)
at java.base/java.util.concurrent.ThreadPoolExecutor.runWorker(ThreadPoolExecutor.java:1136)
at java.base/java.util.concurrent.ThreadPoolExecutor$Worker.run(ThreadPoolExecutor.java:635)
at java.base/java.lang.Thread.run(Thread.java:842)
... Removed 21 stack frames]]>
    </failure>
  </testcase> <!-- @BeforeMethod initialisebrowser -->
  <testcase classname="testscripts.Base" name="@BeforeMethod initialisebrowser" time="0.013">
    <failure type="java.io.FileNotFoundException" message="C:\Users\User\git\grocery-application\Mainproject1C:\Users\User\git\grocery-application\Mainproject1\src\main\resources\config.properties (The filename, directory name, or volume label syntax is incorrect)">
      <![CDATA[java.io.FileNotFoundException: C:\Users\User\git\grocery-application\Mainproject1C:\Users\User\git\grocery-application\Mainproject1\src\main\resources\config.properties (The filename, directory name, or volume label syntax is incorrect)
at java.base/java.io.FileInputStream.open0(Native Method)
at java.base/java.io.FileInputStream.open(FileInputStream.java:216)
at java.base/java.io.FileInputStream.<init>(FileInputStream.java:157)
at java.base/java.io.FileInputStream.<init>(FileInputStream.java:111)
at testscripts.Base.initialisebrowser(Base.java:34)
at java.base/java.util.ArrayList.forEach(ArrayList.java:1511)
at java.base/java.util.concurrent.FutureTask.run(FutureTask.java:264)
at java.base/java.util.concurrent.ThreadPoolExecutor.runWorker(ThreadPoolExecutor.java:1136)
at java.base/java.util.concurrent.ThreadPoolExecutor$Worker.run(ThreadPoolExecutor.java:635)
at java.base/java.lang.Thread.run(Thread.java:842)
... Removed 21 stack frames]]>
    </failure>
  </testcase> <!-- @BeforeMethod initialisebrowser -->
  <testcase classname="testscripts.Logintest" name="invalidpasswordcrctusername" time="0.0">
    <skipped/>
  </testcase> <!-- invalidpasswordcrctusername -->
  <testcase classname="testscripts.Logintest" name="validincrctpassincrtusername" time="0.0">
    <skipped/>
  </testcase> <!-- validincrctpassincrtusername -->
  <testcase classname="testscripts.Logintest" name="validpassincrtusername" time="0.001">
    <skipped/>
  </testcase> <!-- validpassincrtusername -->
  <testcase classname="testscripts.Logintest" name="verifyuserloginwithvalidcreditions" time="0.0">
    <skipped/>
  </testcase> <!-- verifyuserloginwithvalidcreditions -->
</testsuite> <!-- test1 -->
