<?xml version="1.0" encoding="UTF-8"?>
<!-- Generated by org.testng.reporters.JUnitXMLReporter -->
<testsuite ignored="4" hostname="DESKTOP-L54GKRA" failures="0" tests="1" name="Default test" time="17.127" errors="0" timestamp="2025-05-22T13:55:42 IST">
  <testcase classname="testscripts.Categorytest" name="categorydetailsadding" time="7.976"/>
  <testcase classname="testscripts.Categorytest" name="elementsearchs" time="0.0">
    <ignored/>
  </testcase> <!-- elementsearchs -->
  <testcase classname="testscripts.Categorytest" name="edit" time="0.0">
    <ignored/>
  </testcase> <!-- edit -->
  <testcase classname="testscripts.Categorytest" name="elementsearchfornotfoundelement" time="0.0">
    <ignored/>
  </testcase> <!-- elementsearchfornotfoundelement -->
  <testcase classname="testscripts.Categorytest" name="statusediting" time="0.0">
    <ignored/>
  </testcase> <!-- statusediting -->
</testsuite> <!-- Default test -->
