<?xml version="1.0" encoding="UTF-8"?>
<!-- Generated by org.testng.reporters.JUnitXMLReporter -->
<testsuite ignored="0" hostname="DESKTOP-L54GKRA" failures="0" tests="4" name="test1" time="64.065" errors="0" timestamp="2025-05-23T10:35:17 IST">
  <testcase classname="testscripts.Logintest" name="invalidpasswordcrctusername" time="3.031"/>
  <testcase classname="testscripts.Logintest" name="validincrctpassincrtusername" time="1.88"/>
  <testcase classname="testscripts.Logintest" name="validpassincrtusername" time="1.641"/>
  <testcase classname="testscripts.Logintest" name="verifyuserloginwithvalidcreditions" time="4.547"/>
</testsuite> <!-- test1 -->
