<?xml version="1.0" encoding="UTF-8"?>
<!-- Generated by org.testng.reporters.JUnitXMLReporter -->
<testsuite ignored="0" hostname="DESKTOP-L54GKRA" failures="5" tests="5" name="test2" time="60.461" errors="0" timestamp="2025-05-26T19:41:33 IST">
  <testcase classname="testscripts.Categorytest" name="categorydetailsadding" time="0.188">
    <failure type="java.io.FileNotFoundException" message="C:\Users\User\git\grocery-application\Mainproject1C:\Users\User\eclipse-workspace\Mainproject1\src\test\resources\7rmart\GroceryApp.xlsx (The filename, directory name, or volume label syntax is incorrect)">
      <![CDATA[java.io.FileNotFoundException: C:\Users\User\git\grocery-application\Mainproject1C:\Users\User\eclipse-workspace\Mainproject1\src\test\resources\7rmart\GroceryApp.xlsx (The filename, directory name, or volume label syntax is incorrect)
at java.base/java.io.FileInputStream.open0(Native Method)
at java.base/java.io.FileInputStream.open(FileInputStream.java:216)
at java.base/java.io.FileInputStream.<init>(FileInputStream.java:157)
at java.base/java.io.FileInputStream.<init>(FileInputStream.java:111)
at utilities.Excelread.readStringData(Excelread.java:20)
at page.Loginpage.loginusingexcel(Loginpage.java:51)
at testscripts.Categorytest.categorydetailsadding(Categorytest.java:21)
at java.base/java.util.ArrayList.forEach(ArrayList.java:1511)
at java.base/java.util.concurrent.FutureTask.run(FutureTask.java:264)
at java.base/java.util.concurrent.ThreadPoolExecutor.runWorker(ThreadPoolExecutor.java:1136)
at java.base/java.util.concurrent.ThreadPoolExecutor$Worker.run(ThreadPoolExecutor.java:635)
at java.base/java.lang.Thread.run(Thread.java:842)
... Removed 17 stack frames]]>
    </failure>
  </testcase> <!-- categorydetailsadding -->
  <testcase classname="testscripts.Categorytest" name="edit" time="0.01">
    <failure type="java.io.FileNotFoundException" message="C:\Users\User\git\grocery-application\Mainproject1C:\Users\User\eclipse-workspace\Mainproject1\src\test\resources\7rmart\GroceryApp.xlsx (The filename, directory name, or volume label syntax is incorrect)">
      <![CDATA[java.io.FileNotFoundException: C:\Users\User\git\grocery-application\Mainproject1C:\Users\User\eclipse-workspace\Mainproject1\src\test\resources\7rmart\GroceryApp.xlsx (The filename, directory name, or volume label syntax is incorrect)
at java.base/java.io.FileInputStream.open0(Native Method)
at java.base/java.io.FileInputStream.open(FileInputStream.java:216)
at java.base/java.io.FileInputStream.<init>(FileInputStream.java:157)
at java.base/java.io.FileInputStream.<init>(FileInputStream.java:111)
at utilities.Excelread.readStringData(Excelread.java:20)
at page.Loginpage.loginusingexcel(Loginpage.java:51)
at testscripts.Categorytest.edit(Categorytest.java:34)
at java.base/java.util.ArrayList.forEach(ArrayList.java:1511)
at java.base/java.util.concurrent.FutureTask.run(FutureTask.java:264)
at java.base/java.util.concurrent.ThreadPoolExecutor.runWorker(ThreadPoolExecutor.java:1136)
at java.base/java.util.concurrent.ThreadPoolExecutor$Worker.run(ThreadPoolExecutor.java:635)
at java.base/java.lang.Thread.run(Thread.java:842)
... Removed 17 stack frames]]>
    </failure>
  </testcase> <!-- edit -->
  <testcase classname="testscripts.Categorytest" name="elementsearchfornotfoundelement" time="0.012">
    <failure type="java.io.FileNotFoundException" message="C:\Users\User\git\grocery-application\Mainproject1C:\Users\User\eclipse-workspace\Mainproject1\src\test\resources\7rmart\GroceryApp.xlsx (The filename, directory name, or volume label syntax is incorrect)">
      <![CDATA[java.io.FileNotFoundException: C:\Users\User\git\grocery-application\Mainproject1C:\Users\User\eclipse-workspace\Mainproject1\src\test\resources\7rmart\GroceryApp.xlsx (The filename, directory name, or volume label syntax is incorrect)
at java.base/java.io.FileInputStream.open0(Native Method)
at java.base/java.io.FileInputStream.open(FileInputStream.java:216)
at java.base/java.io.FileInputStream.<init>(FileInputStream.java:157)
at java.base/java.io.FileInputStream.<init>(FileInputStream.java:111)
at utilities.Excelread.readStringData(Excelread.java:20)
at page.Loginpage.loginusingexcel(Loginpage.java:51)
at testscripts.Categorytest.elementsearchfornotfoundelement(Categorytest.java:72)
at java.base/java.util.ArrayList.forEach(ArrayList.java:1511)
at java.base/java.util.concurrent.FutureTask.run(FutureTask.java:264)
at java.base/java.util.concurrent.ThreadPoolExecutor.runWorker(ThreadPoolExecutor.java:1136)
at java.base/java.util.concurrent.ThreadPoolExecutor$Worker.run(ThreadPoolExecutor.java:635)
at java.base/java.lang.Thread.run(Thread.java:842)
... Removed 17 stack frames]]>
    </failure>
  </testcase> <!-- elementsearchfornotfoundelement -->
  <testcase classname="testscripts.Categorytest" name="elementsearchs" time="0.003">
    <failure type="java.io.FileNotFoundException" message="C:\Users\User\git\grocery-application\Mainproject1C:\Users\User\eclipse-workspace\Mainproject1\src\test\resources\7rmart\GroceryApp.xlsx (The filename, directory name, or volume label syntax is incorrect)">
      <![CDATA[java.io.FileNotFoundException: C:\Users\User\git\grocery-application\Mainproject1C:\Users\User\eclipse-workspace\Mainproject1\src\test\resources\7rmart\GroceryApp.xlsx (The filename, directory name, or volume label syntax is incorrect)
at java.base/java.io.FileInputStream.open0(Native Method)
at java.base/java.io.FileInputStream.open(FileInputStream.java:216)
at java.base/java.io.FileInputStream.<init>(FileInputStream.java:157)
at java.base/java.io.FileInputStream.<init>(FileInputStream.java:111)
at utilities.Excelread.readStringData(Excelread.java:20)
at page.Loginpage.loginusingexcel(Loginpage.java:51)
at testscripts.Categorytest.elementsearchs(Categorytest.java:60)
at java.base/java.util.ArrayList.forEach(ArrayList.java:1511)
at java.base/java.util.concurrent.FutureTask.run(FutureTask.java:264)
at java.base/java.util.concurrent.ThreadPoolExecutor.runWorker(ThreadPoolExecutor.java:1136)
at java.base/java.util.concurrent.ThreadPoolExecutor$Worker.run(ThreadPoolExecutor.java:635)
at java.base/java.lang.Thread.run(Thread.java:842)
... Removed 17 stack frames]]>
    </failure>
  </testcase> <!-- elementsearchs -->
  <testcase classname="testscripts.Categorytest" name="statusediting" time="0.008">
    <failure type="java.io.FileNotFoundException" message="C:\Users\User\git\grocery-application\Mainproject1C:\Users\User\eclipse-workspace\Mainproject1\src\test\resources\7rmart\GroceryApp.xlsx (The filename, directory name, or volume label syntax is incorrect)">
      <![CDATA[java.io.FileNotFoundException: C:\Users\User\git\grocery-application\Mainproject1C:\Users\User\eclipse-workspace\Mainproject1\src\test\resources\7rmart\GroceryApp.xlsx (The filename, directory name, or volume label syntax is incorrect)
at java.base/java.io.FileInputStream.open0(Native Method)
at java.base/java.io.FileInputStream.open(FileInputStream.java:216)
at java.base/java.io.FileInputStream.<init>(FileInputStream.java:157)
at java.base/java.io.FileInputStream.<init>(FileInputStream.java:111)
at utilities.Excelread.readStringData(Excelread.java:20)
at page.Loginpage.loginusingexcel(Loginpage.java:51)
at testscripts.Categorytest.statusediting(Categorytest.java:48)
at java.base/java.util.ArrayList.forEach(ArrayList.java:1511)
at java.base/java.util.concurrent.FutureTask.run(FutureTask.java:264)
at java.base/java.util.concurrent.ThreadPoolExecutor.runWorker(ThreadPoolExecutor.java:1136)
at java.base/java.util.concurrent.ThreadPoolExecutor$Worker.run(ThreadPoolExecutor.java:635)
at java.base/java.lang.Thread.run(Thread.java:842)
... Removed 17 stack frames]]>
    </failure>
  </testcase> <!-- statusediting -->
</testsuite> <!-- test2 -->
