<?xml version="1.0" encoding="UTF-8"?>
<testng-results ignored="0" total="3" passed="3" failed="0" skipped="0">
  <reporter-output>
  </reporter-output>
  <suite started-at="2025-05-29T15:23:52 IST" name="myTestSuite" finished-at="2025-05-29T15:24:13 IST" duration-ms="21365">
    <groups>
    </groups>
    <test started-at="2025-05-29T15:23:52 IST" name="myTest" finished-at="2025-05-29T15:24:13 IST" duration-ms="21365">
      <class name="testscripts.Managenews">
        <test-method is-config="true" signature="initialisebrowser(java.lang.String)[pri:0, instance:testscripts.Managenews@3932c79a]" started-at="2025-05-29T15:23:52 IST" name="initialisebrowser" finished-at="2025-05-29T15:23:57 IST" duration-ms="5164" status="PASS">
          <params>
            <param index="0">
              <value>
                <![CDATA[Chrome]]>
              </value>
            </param>
          </params>
          <reporter-output>
          </reporter-output>
        </test-method> <!-- initialisebrowser -->
        <test-method signature="managenews()[pri:0, instance:testscripts.Managenews@3932c79a]" started-at="2025-05-29T15:23:57 IST" name="managenews" finished-at="2025-05-29T15:24:02 IST" duration-ms="4471" status="PASS">
          <reporter-output>
          </reporter-output>
        </test-method> <!-- managenews -->
        <test-method is-config="true" signature="driverQuit(org.testng.ITestResult)[pri:0, instance:testscripts.Managenews@3932c79a]" started-at="2025-05-29T15:24:02 IST" name="driverQuit" finished-at="2025-05-29T15:24:02 IST" duration-ms="3" status="PASS">
          <params>
            <param index="0">
              <value>
                <![CDATA[[TestResult name=managenews status=SUCCESS method=Managenews.managenews()[pri:0, instance:testscripts.Managenews@3932c79a] output={null}]]]>
              </value>
            </param>
          </params>
          <reporter-output>
          </reporter-output>
        </test-method> <!-- driverQuit -->
        <test-method is-config="true" signature="initialisebrowser(java.lang.String)[pri:0, instance:testscripts.Managenews@3932c79a]" started-at="2025-05-29T15:24:02 IST" name="initialisebrowser" finished-at="2025-05-29T15:24:04 IST" duration-ms="2407" status="PASS">
          <params>
            <param index="0">
              <value>
                <![CDATA[Chrome]]>
              </value>
            </param>
          </params>
          <reporter-output>
          </reporter-output>
        </test-method> <!-- initialisebrowser -->
        <test-method signature="managenewsdelete()[pri:0, instance:testscripts.Managenews@3932c79a]" started-at="2025-05-29T15:24:04 IST" name="managenewsdelete" finished-at="2025-05-29T15:24:06 IST" duration-ms="2186" status="PASS">
          <reporter-output>
          </reporter-output>
        </test-method> <!-- managenewsdelete -->
        <test-method is-config="true" signature="driverQuit(org.testng.ITestResult)[pri:0, instance:testscripts.Managenews@3932c79a]" started-at="2025-05-29T15:24:06 IST" name="driverQuit" finished-at="2025-05-29T15:24:06 IST" duration-ms="1" status="PASS">
          <params>
            <param index="0">
              <value>
                <![CDATA[[TestResult name=managenewsdelete status=SUCCESS method=Managenews.managenewsdelete()[pri:0, instance:testscripts.Managenews@3932c79a] output={null}]]]>
              </value>
            </param>
          </params>
          <reporter-output>
          </reporter-output>
        </test-method> <!-- driverQuit -->
        <test-method is-config="true" signature="initialisebrowser(java.lang.String)[pri:0, instance:testscripts.Managenews@3932c79a]" started-at="2025-05-29T15:24:06 IST" name="initialisebrowser" finished-at="2025-05-29T15:24:09 IST" duration-ms="2932" status="PASS">
          <params>
            <param index="0">
              <value>
                <![CDATA[Chrome]]>
              </value>
            </param>
          </params>
          <reporter-output>
          </reporter-output>
        </test-method> <!-- initialisebrowser -->
        <test-method signature="search()[pri:0, instance:testscripts.Managenews@3932c79a]" started-at="2025-05-29T15:24:09 IST" name="search" finished-at="2025-05-29T15:24:13 IST" duration-ms="4063" status="PASS">
          <reporter-output>
          </reporter-output>
        </test-method> <!-- search -->
        <test-method is-config="true" signature="driverQuit(org.testng.ITestResult)[pri:0, instance:testscripts.Managenews@3932c79a]" started-at="2025-05-29T15:24:13 IST" name="driverQuit" finished-at="2025-05-29T15:24:13 IST" duration-ms="1" status="PASS">
          <params>
            <param index="0">
              <value>
                <![CDATA[[TestResult name=search status=SUCCESS method=Managenews.search()[pri:0, instance:testscripts.Managenews@3932c79a] output={null}]]]>
              </value>
            </param>
          </params>
          <reporter-output>
          </reporter-output>
        </test-method> <!-- driverQuit -->
      </class> <!-- testscripts.Managenews -->
    </test> <!-- myTest -->
  </suite> <!-- myTestSuite -->
</testng-results>
