<?xml version="1.0" encoding="UTF-8"?>
<!-- Generated by org.testng.reporters.JUnitXMLReporter -->
<testsuite ignored="0" hostname="DESKTOP-L54GKRA" failures="0" tests="5" name="myTest" time="81.443" errors="0" timestamp="2025-05-23T10:21:00 IST">
  <testcase classname="testscripts.Categorytest" name="categorydetailsadding" time="9.529"/>
  <testcase classname="testscripts.Categorytest" name="edit" time="6.985"/>
  <testcase classname="testscripts.Categorytest" name="elementsearchfornotfoundelement" time="5.658"/>
  <testcase classname="testscripts.Categorytest" name="elementsearchs" time="5.899"/>
  <testcase classname="testscripts.Categorytest" name="statusediting" time="10.393"/>
</testsuite> <!-- myTest -->
