<?xml version="1.0" encoding="UTF-8"?>
<!-- Generated by org.testng.reporters.JUnitXMLReporter -->
<testsuite ignored="0" hostname="DESKTOP-L54GKRA" failures="0" tests="5" name="myTest" time="101.335" errors="0" timestamp="2025-05-27T12:50:32 IST">
  <testcase classname="testscripts.Logintest" name="invalidpasswordcrctusername" time="2.939"/>
  <testcase classname="testscripts.Logintest" name="validincrctpassincrtusername" time="2.544"/>
  <testcase classname="testscripts.Logintest" name="validpassincrtusername" time="2.22"/>
  <testcase classname="testscripts.Logintest" name="verifyuserloginwithvalidcreditions" time="20.503">
    <skipped/>
  </testcase> <!-- verifyuserloginwithvalidcreditions -->
  <testcase classname="testscripts.Logintest" name="verifyuserloginwithvalidcreditions" time="2.376"/>
</testsuite> <!-- myTest -->
